----- CLI crash report at 2025-08-13T00:11:59.633Z
Error Trace
FailedToIdentifyProgramFlow: FailedToIdentifyProgramFlow
    at _Command.<anonymous> (C:\Users\djklm\AppData\Roaming\npm\node_modules\@wix\cli\src\program.ts:73:15)
    at _Command.emit (node:events:507:28)
    at _Command._parseCommand (C:\Users\djklm\AppData\Roaming\npm\node_modules\node_modules\commander\lib\command.js:1607:14)
    at _Command.parseAsync (C:\Users\djklm\AppData\Roaming\npm\node_modules\node_modules\commander\lib\command.js:1104:16)
    at <anonymous> (C:\Users\djklm\AppData\Roaming\npm\node_modules\@wix\cli\src\index.tsx:80:39)
Error Info
{}
----- CLI crash report at 2025-08-13T00:13:12.531Z
Error Trace
FailedToIdentifyProgramFlow: FailedToIdentifyProgramFlow
    at _Command.<anonymous> (C:\Users\djklm\AppData\Roaming\npm\node_modules\@wix\cli\src\program.ts:73:15)
    at _Command.emit (node:events:507:28)
    at _Command._parseCommand (C:\Users\djklm\AppData\Roaming\npm\node_modules\node_modules\commander\lib\command.js:1607:14)
    at _Command.parseAsync (C:\Users\djklm\AppData\Roaming\npm\node_modules\node_modules\commander\lib\command.js:1104:16)
    at <anonymous> (C:\Users\djklm\AppData\Roaming\npm\node_modules\@wix\cli\src\index.tsx:80:39)
Error Info
{}
